<?xml version="1.0" encoding="UTF-8"?>
<testng-results skipped="0" failed="0" ignored="0" total="2" passed="2">
  <reporter-output>
  </reporter-output>
  <suite name="Suite" duration-ms="19619" started-at="2024-02-12T21:08:11 EST" finished-at="2024-02-12T21:08:30 EST">
    <groups>
    </groups>
    <test name="Test" duration-ms="19619" started-at="2024-02-12T21:08:11 EST" finished-at="2024-02-12T21:08:30 EST">
      <class name="selenium_Maven_Project.TDDandBDD.tester2">
        <test-method status="PASS" signature="demo()[pri:0, instance:selenium_Maven_Project.TDDandBDD.tester2@5bc79255]" name="demo" duration-ms="8859" started-at="2024-02-12T21:08:21 EST" finished-at="2024-02-12T21:08:30 EST">
          <reporter-output>
          </reporter-output>
        </test-method> <!-- demo -->
      </class> <!-- selenium_Maven_Project.TDDandBDD.tester2 -->
      <class name="selenium_Maven_Project.TDDandBDD.tester1">
        <test-method status="PASS" signature="demo()[pri:0, instance:selenium_Maven_Project.TDDandBDD.tester1@6e0e048a]" name="demo" duration-ms="10710" started-at="2024-02-12T21:08:11 EST" finished-at="2024-02-12T21:08:21 EST">
          <reporter-output>
          </reporter-output>
        </test-method> <!-- demo -->
      </class> <!-- selenium_Maven_Project.TDDandBDD.tester1 -->
    </test> <!-- Test -->
  </suite> <!-- Suite -->
</testng-results>
