<?xml version="1.0" encoding="UTF-8"?>
<testsuite xmlns:xsi="http://www.w3.org/2001/XMLSchema-instance" xsi:noNamespaceSchemaLocation="https://maven.apache.org/surefire/maven-surefire-plugin/xsd/surefire-test-report.xsd" name="TestSuite" time="20.207" tests="2" errors="0" skipped="0" failures="0">
  <properties>
[...]
</properties>
  <testcase name="demo" classname="selenium_Maven_Project.TDDandBDD.tester1" time="10.71"/>
  <testcase name="demo" classname="selenium_Maven_Project.TDDandBDD.tester2" time="8.86"/>
</testsuite>