<?xml version="1.0" encoding="UTF-8"?>
<testng-results ignored="0" total="2" passed="2" failed="0" skipped="0">
  <reporter-output>
  </reporter-output>
  <suite started-at="2024-02-12T18:05:57 EST" name="Suite" finished-at="2024-02-12T18:06:14 EST" duration-ms="17295">
    <groups>
    </groups>
    <test started-at="2024-02-12T18:05:57 EST" name="Test" finished-at="2024-02-12T18:06:14 EST" duration-ms="17295">
      <class name="selenium_Maven_Project.TDDandBDD.tester2">
        <test-method signature="demo()[pri:0, instance:selenium_Maven_Project.TDDandBDD.tester2@4a7f959b]" started-at="2024-02-12T18:06:06 EST" name="demo" finished-at="2024-02-12T18:06:14 EST" duration-ms="7936" status="PASS">
          <reporter-output>
          </reporter-output>
        </test-method> <!-- demo -->
      </class> <!-- selenium_Maven_Project.TDDandBDD.tester2 -->
      <class name="selenium_Maven_Project.TDDandBDD.tester1">
        <test-method signature="demo()[pri:0, instance:selenium_Maven_Project.TDDandBDD.tester1@3e84448c]" started-at="2024-02-12T18:05:57 EST" name="demo" finished-at="2024-02-12T18:06:06 EST" duration-ms="9322" status="PASS">
          <reporter-output>
          </reporter-output>
        </test-method> <!-- demo -->
      </class> <!-- selenium_Maven_Project.TDDandBDD.tester1 -->
    </test> <!-- Test -->
  </suite> <!-- Suite -->
</testng-results>
